proguard/mapping.txt
com.kulver.blueque.back.BluetoothMethods -> com.kulver.blueque.a.a:
    android.bluetooth.BluetoothAdapter btAdapter -> a
    java.util.ArrayList arrList -> b
    com.kulver.blueque.back.Que que -> c
    boolean isBluetoothEnabled() -> a
    void enableBt() -> b
    android.bluetooth.BluetoothAdapter getBtAdapter() -> c
    com.kulver.blueque.back.MyBluetoothArrayAdapter getPairedDevices(android.content.Context) -> a
    com.kulver.blueque.back.MyBluetoothArrayAdapter getScannedDevices(android.content.Context) -> b
    void sendFile(android.content.Context,int,int) -> a
    void addDevice(android.bluetooth.BluetoothDevice) -> a
com.kulver.blueque.back.BluetoothShare -> com.kulver.blueque.a.b:
    android.net.Uri CONTENT_URI -> a
com.kulver.blueque.back.ListDir -> com.kulver.blueque.a.c:
    java.lang.String currPath -> b
    java.lang.String root -> c
    android.widget.TextView myPath -> d
    java.util.List item -> e
    java.util.List path -> f
    com.kulver.blueque.back.Que que -> g
    android.content.Context cont -> h
    java.util.Comparator fileComparator -> a
    void setMyPath(android.widget.TextView) -> a
    java.util.List getItemList() -> a
    java.util.List getPathList() -> b
    java.lang.String getRootDir() -> c
    java.lang.String getCurrentPath() -> d
    int addAllFiles() -> e
    com.kulver.blueque.back.MyArrayAdapter listDir(java.lang.String) -> a
com.kulver.blueque.back.ListDir$1 -> com.kulver.blueque.a.d:
    com.kulver.blueque.back.ListDir this$0 -> a
    int compare(java.io.File,java.io.File) -> a
    int compare(java.lang.Object,java.lang.Object) -> compare
com.kulver.blueque.back.MyArrayAdapter -> com.kulver.blueque.a.e:
    java.util.List rowTexts -> a
    com.kulver.blueque.back.Que que -> b
    android.view.View getView(int,android.view.View,android.view.ViewGroup) -> getView
com.kulver.blueque.back.MyBluetoothArrayAdapter -> com.kulver.blueque.a.f:
    java.util.ArrayList deviceList -> a
    android.view.View getView(int,android.view.View,android.view.ViewGroup) -> getView
com.kulver.blueque.back.Que -> com.kulver.blueque.a.g:
    java.util.ArrayList fileQue -> a
    java.lang.String addFileToQue(java.io.File,boolean) -> a
    java.lang.String removeFileFromQueByPos(int) -> a
    int getNumberOfEntries() -> a
    boolean checkIfInList(java.lang.String) -> a
    java.util.ArrayList getQueAsList() -> b
    java.util.ArrayList getQueAsFileList() -> c
    java.lang.String calculateTotalSize() -> d
    void clearQue() -> e
com.kulver.blueque.back.TransferDialog -> com.kulver.blueque.a.h:
    android.app.Dialog transferDialog -> a
    android.content.Context context -> b
    android.widget.TextView transferStatusFiles -> c
    android.widget.TextView transferStatusCurrFile -> d
    android.widget.ProgressBar progressBar -> e
    com.kulver.blueque.back.Que que -> f
    int progressInFiles -> g
    boolean isShowing -> h
    void constructTransferDialog() -> a
    void showDialog() -> b
    void dismissDialog() -> c
    int getProgress() -> d
    void increaseProgress() -> e
    void updateDialog() -> f
    boolean isShowing() -> g
com.kulver.blueque.back.TransferDialog$1 -> com.kulver.blueque.a.i:
    com.kulver.blueque.back.TransferDialog this$0 -> a
    void onClick(android.view.View) -> onClick
...
com.google.ads.Ad -> com.google.ads.a:
com.google.ads.AdActivity -> com.google.ads.AdActivity:
    com.google.ads.internal.a a -> a
    java.lang.Object b -> b
    com.google.ads.AdActivity c -> c
    com.google.ads.internal.d d -> d
    com.google.ads.AdActivity e -> e
    com.google.ads.AdActivity f -> f
    com.google.ads.AdActivity$StaticMethodWrapper g -> g
    com.google.ads.internal.AdWebView h -> h
    android.widget.FrameLayout i -> i
    int j -> j
    android.view.ViewGroup k -> k
    boolean l -> l
    long m -> m
    android.widget.RelativeLayout n -> n
    com.google.ads.AdActivity o -> o
    boolean p -> p
    boolean q -> q
    boolean r -> r
    boolean s -> s
    com.google.ads.internal.AdVideoView t -> t
    android.view.View a(int,boolean) -> a
    void a(java.lang.String) -> a
    void a(java.lang.String,java.lang.Throwable) -> a
    com.google.ads.internal.AdVideoView getAdVideoView() -> a
    com.google.ads.internal.AdWebView getOpeningAdWebView() -> b
    boolean isShowing() -> c
    void launchAdActivity(com.google.ads.internal.d,com.google.ads.internal.e) -> a
    void a(java.util.HashMap,com.google.ads.internal.d) -> a
    void b(java.util.HashMap,com.google.ads.internal.d) -> b
    void a(com.google.ads.internal.d) -> a
    com.google.ads.internal.AdVideoView a(android.app.Activity) -> a
    void moveAdVideoView(int,int,int,int) -> a
    void newAdVideoView(int,int,int,int) -> b
    android.widget.RelativeLayout$LayoutParams a(int,int,int,int) -> c
com.google.ads.AdActivity$StaticMethodWrapper -> com.google.ads.b:
    boolean isShowing() -> a
    void launchAdActivity(com.google.ads.internal.d,com.google.ads.internal.e) -> a
com.google.ads.AdListener -> com.google.ads.c:
    void onReceiveAd(com.google.ads.Ad) -> a
    void onFailedToReceiveAd(com.google.ads.Ad,com.google.ads.AdRequest$ErrorCode) -> a
    void onPresentScreen(com.google.ads.Ad) -> b
    void onDismissScreen(com.google.ads.Ad) -> c
    void onLeaveApplication(com.google.ads.Ad) -> d
com.google.ads.AdRequest -> com.google.ads.d:
    java.text.SimpleDateFormat a -> b
    java.lang.reflect.Method b -> c
    java.lang.reflect.Method c -> d
    com.google.ads.AdRequest$Gender d -> e
    java.util.Date e -> f
    java.util.Set f -> g
    java.util.Map g -> h
    java.util.Map h -> i
    android.location.Location i -> j
    boolean j -> k
    boolean k -> l
    java.lang.String TEST_EMULATOR -> a
    java.util.Set l -> m
    com.google.ads.AdRequest setKeywords(java.util.Set) -> a
    com.google.ads.AdRequest setNetworkExtras(com.google.ads.mediation.NetworkExtras) -> a
    java.lang.Object getNetworkExtras(java.lang.Class) -> a
    java.util.Map getRequestMap(android.content.Context) -> a
    com.google.ads.AdRequest setTestDevices(java.util.Set) -> b
    boolean isTestDevice(android.content.Context) -> b
com.google.ads.AdRequest$ErrorCode -> com.google.ads.e:
    com.google.ads.AdRequest$ErrorCode INVALID_REQUEST -> a
    com.google.ads.AdRequest$ErrorCode NO_FILL -> b
    com.google.ads.AdRequest$ErrorCode NETWORK_ERROR -> c
    com.google.ads.AdRequest$ErrorCode INTERNAL_ERROR -> d
    java.lang.String a -> e
    com.google.ads.AdRequest$ErrorCode[] b -> f
    com.google.ads.AdRequest$ErrorCode[] values() -> values
    com.google.ads.AdRequest$ErrorCode valueOf(java.lang.String) -> valueOf
    java.lang.String toString() -> toString
com.google.ads.AdRequest$Gender -> com.google.ads.f:
    com.google.ads.AdRequest$Gender UNKNOWN -> a
    com.google.ads.AdRequest$Gender MALE -> b
    com.google.ads.AdRequest$Gender FEMALE -> c
    com.google.ads.AdRequest$Gender[] a -> d
    com.google.ads.AdRequest$Gender[] values() -> values
    com.google.ads.AdRequest$Gender valueOf(java.lang.String) -> valueOf