proguard/usage.txt
com.kulver.blueque.BuildConfig
com.kulver.blueque.R
com.kulver.blueque.R$attr
com.kulver.blueque.R$drawable
com.kulver.blueque.R$id
com.kulver.blueque.R$layout
com.kulver.blueque.R$menu
com.kulver.blueque.R$string
com.kulver.blueque.back.BgWork
com.kulver.blueque.back.BluetoothMethods:
    62:62:public java.util.ArrayList getDeviceList()
com.kulver.blueque.back.BluetoothShare:
    public static final java.lang.String PERMISSION_ACCESS
    public static final java.lang.String TRANSFER_COMPLETED_ACTION
    public static final java.lang.String INCOMING_FILE_CONFIRMATION_REQUEST_ACTION
    public static final java.lang.String USER_CONFIRMATION_TIMEOUT_ACTION
    public static final java.lang.String URI
    public static final java.lang.String FILENAME_HINT
    public static final java.lang.String _DATA
    public static final java.lang.String MIMETYPE
    public static final java.lang.String DIRECTION
    public static final java.lang.String DESTINATION
    public static final java.lang.String VISIBILITY
    public static final java.lang.String USER_CONFIRMATION
    public static final java.lang.String STATUS
    public static final java.lang.String TOTAL_BYTES
    public static final java.lang.String CURRENT_BYTES
    public static final java.lang.String TIMESTAMP
    public static final int DIRECTION_OUTBOUND
    public static final int DIRECTION_INBOUND
    public static final int USER_CONFIRMATION_PENDING
    public static final int USER_CONFIRMATION_CONFIRMED
    public static final int USER_CONFIRMATION_AUTO_CONFIRMED
    public static final int USER_CONFIRMATION_DENIED
    public static final int USER_CONFIRMATION_TIMEOUT
    public static final int VISIBILITY_VISIBLE
    public static final int VISIBILITY_HIDDEN
    public static final int STATUS_PENDING
com.kulver.blueque.back.Dialogs
com.kulver.blueque.back.Que:
    30:36:public void removeFileFromQueByName(java.lang.String)
    39:40:public void removeFileFromQueByObject(java.io.File)
...
com.google.ads.AdSize:
    public static final int FULL_WIDTH
    public static final int AUTO_HEIGHT
    public static final int LANDSCAPE_AD_HEIGHT
    public static final int PORTRAIT_AD_HEIGHT
    public static final int LARGE_AD_HEIGHT
    291:291:public int getWidthInPixels(android.content.Context)
    301:301:public int getHeightInPixels(android.content.Context)
    317:317:public boolean isSizeAppropriate(int,int)
    339:359:public varargs com.google.ads.AdSize findBestSize(com.google.ads.AdSize[])
com.google.ads.AdView:
    274:275:public void destroy()
    574:578:public boolean isReady()
    684:687:public void stopLoading()
com.google.ads.InterstitialAd:
    private com.google.ads.internal.d a
    82:83:public InterstitialAd(android.app.Activity,java.lang.String)
    97:99:public InterstitialAd(android.app.Activity,java.lang.String,boolean)
    108:108:public boolean isReady()
    120:121:public void loadAd(com.google.ads.AdRequest)
    130:131:public void show()
    142:143:public void setAdListener(com.google.ads.AdListener)
    151:152:protected void setAppEventListener(com.google.ads.AppEventListener)
    161:162:public void stopLoading()
com.google.ads.doubleclick.DfpAdView
com.google.ads.doubleclick.DfpExtras:
    25:30:public DfpExtras(com.google.ads.doubleclick.DfpExtras)
    46:47:public com.google.ads.doubleclick.DfpExtras setPublisherProvidedId(java.lang.String)
    55:56:public com.google.ads.doubleclick.DfpExtras setPlusOneOptOut(boolean)
    61:62:public com.google.ads.doubleclick.DfpExtras setUseExactAdSize(boolean)
    67:68:public com.google.ads.doubleclick.DfpExtras setExtras(java.util.Map)
    79:80:public com.google.ads.doubleclick.DfpExtras addExtra(java.lang.String,java.lang.Object)
    12:12:public bridge synthetic com.google.ads.mediation.admob.AdMobAdapterExtras addExtra(java.lang.String,java.lang.Object)
    12:12:public bridge synthetic com.google.ads.mediation.admob.AdMobAdapterExtras setExtras(java.util.Map)
    12:12:public bridge synthetic com.google.ads.mediation.admob.AdMobAdapterExtras setUseExactAdSize(boolean)
    12:12:public bridge synthetic com.google.ads.mediation.admob.AdMobAdapterExtras setPlusOneOptOut(boolean)
com.google.ads.doubleclick.DfpInterstitialAd
com.google.ads.e:
    112:122:public void b()
    199:205:private boolean a(com.google.ads.h,java.lang.String)
    211:221:public void a(com.google.ads.h,boolean)
    226:242:public void a(com.google.ads.h,android.view.View)
    246:255:public void a(com.google.ads.h)
    259:268:public void b(com.google.ads.h)
    272:281:public void c(com.google.ads.h)
    292:301:public boolean c()
    472:474:private com.google.ads.h e()
    51:51:static synthetic com.google.ads.h c(com.google.ads.e)
com.google.ads.e$2
com.google.ads.e$3
com.google.ads.e$4
com.google.ads.e$5
com.google.ads.e$6
com.google.ads.f:
    79:79:public java.util.List e()
com.google.ads.h:
    123:123:public com.google.ads.f a()
    219:245:public synchronized void g()
    273:273:synchronized com.google.ads.mediation.MediationAdapter i()
    280:280:com.google.ads.e j()
    284:285:synchronized void a(android.view.View)
com.google.ads.h$2
com.google.ads.internal.c:
    600:620:protected void a()
com.google.ads.internal.d:
    329:338:public synchronized void b()
    544:544:public synchronized boolean r()
    722:725:public synchronized void a(com.google.ads.f,boolean)
    865:882:private void b(com.google.ads.f,java.lang.Boolean)
    1078:1105:public synchronized void z()
    1114:1123:public synchronized void A()